TN:
SF:src\config\db.config.js
FN:13,(anonymous_0)
FNF:1
FNH:1
FNDA:1,(anonymous_0)
DA:1,3
DA:4,3
DA:6,3
DA:13,3
DA:14,1
DA:15,1
DA:18,3
LF:7
LH:7
BRDA:14,0,0,0
BRDA:14,0,1,1
BRF:2
BRH:1
end_of_record
TN:
SF:src\controllers\commandesController.js
FN:3,(anonymous_0)
FN:19,(anonymous_1)
FN:29,(anonymous_2)
FN:30,(anonymous_3)
FN:39,(anonymous_4)
FN:40,(anonymous_5)
FN:55,(anonymous_6)
FN:67,(anonymous_7)
FN:84,(anonymous_8)
FN:85,(anonymous_9)
FNF:10
FNH:10
FNDA:3,(anonymous_0)
FNDA:1,(anonymous_1)
FNDA:2,(anonymous_2)
FNDA:2,(anonymous_3)
FNDA:2,(anonymous_4)
FNDA:2,(anonymous_5)
FNDA:4,(anonymous_6)
FNDA:4,(anonymous_7)
FNDA:3,(anonymous_8)
FNDA:3,(anonymous_9)
DA:1,1
DA:3,1
DA:4,3
DA:5,2
DA:10,1
DA:19,1
DA:20,1
DA:21,0
DA:24,1
DA:29,1
DA:30,2
DA:31,2
DA:32,1
DA:35,1
DA:39,1
DA:40,2
DA:41,2
DA:42,1
DA:43,1
DA:47,0
DA:51,1
DA:55,1
DA:56,4
DA:57,0
DA:60,0
DA:63,4
DA:68,4
DA:69,4
DA:70,1
DA:74,3
DA:78,0
DA:84,1
DA:85,3
DA:86,3
DA:87,2
DA:88,1
DA:92,1
DA:96,1
LF:38
LH:33
BRDA:4,0,0,2
BRDA:4,0,1,1
BRDA:4,1,0,3
BRDA:4,1,1,3
BRDA:4,1,2,1
BRDA:20,2,0,0
BRDA:20,2,1,1
BRDA:22,3,0,0
BRDA:22,3,1,0
BRDA:31,4,0,1
BRDA:31,4,1,1
BRDA:33,5,0,1
BRDA:33,5,1,0
BRDA:41,6,0,1
BRDA:41,6,1,1
BRDA:42,7,0,1
BRDA:42,7,1,0
BRDA:56,8,0,0
BRDA:56,8,1,4
BRDA:68,9,0,4
BRDA:68,9,1,0
BRDA:69,10,0,1
BRDA:69,10,1,3
BRDA:86,11,0,2
BRDA:86,11,1,1
BRDA:87,12,0,1
BRDA:87,12,1,1
BRF:27
BRH:20
end_of_record
TN:
SF:src\middleware\authMiddleware.js
FN:3,(anonymous_0)
FNF:1
FNH:1
FNDA:5,(anonymous_0)
DA:1,1
DA:3,1
DA:4,5
DA:6,5
DA:7,2
DA:12,3
DA:14,3
DA:18,2
DA:19,1
DA:21,1
DA:26,1
DA:33,1
LF:12
LH:12
BRDA:6,0,0,2
BRDA:6,0,1,3
BRDA:18,1,0,1
BRDA:18,1,1,1
BRF:4
BRH:4
end_of_record
TN:
SF:src\models\commande.js
FN:3,(anonymous_0)
FN:12,(anonymous_1)
FN:13,(anonymous_2)
FN:24,(anonymous_3)
FN:25,(anonymous_4)
FN:40,(anonymous_5)
FN:41,(anonymous_6)
FN:52,(anonymous_7)
FN:56,(anonymous_8)
FN:82,(anonymous_9)
FN:83,(anonymous_10)
FNF:11
FNH:10
FNDA:0,(anonymous_0)
FNDA:2,(anonymous_1)
FNDA:2,(anonymous_2)
FNDA:3,(anonymous_3)
FNDA:3,(anonymous_4)
FNDA:1,(anonymous_5)
FNDA:1,(anonymous_6)
FNDA:2,(anonymous_7)
FNDA:2,(anonymous_8)
FNDA:2,(anonymous_9)
FNDA:2,(anonymous_10)
DA:1,2
DA:3,2
DA:4,0
DA:5,0
DA:6,0
DA:7,0
DA:8,0
DA:9,0
DA:12,2
DA:13,2
DA:14,2
DA:15,1
DA:16,1
DA:17,1
DA:19,1
DA:20,1
DA:24,2
DA:25,3
DA:26,3
DA:27,1
DA:28,1
DA:29,1
DA:31,2
DA:32,1
DA:33,1
DA:34,1
DA:36,1
DA:40,2
DA:41,1
DA:42,1
DA:43,0
DA:44,0
DA:45,0
DA:47,1
DA:48,1
DA:52,2
DA:53,2
DA:57,2
DA:58,0
DA:59,0
DA:61,2
DA:62,1
DA:63,1
DA:65,1
DA:74,1
DA:75,1
DA:82,2
DA:83,2
DA:84,2
DA:85,0
DA:86,0
DA:87,0
DA:89,2
DA:90,1
DA:91,1
DA:93,1
DA:94,1
DA:98,2
LF:58
LH:44
BRDA:14,0,0,1
BRDA:14,0,1,1
BRDA:26,1,0,1
BRDA:26,1,1,2
BRDA:31,2,0,1
BRDA:31,2,1,1
BRDA:42,3,0,0
BRDA:42,3,1,1
BRDA:57,4,0,0
BRDA:57,4,1,2
BRDA:61,5,0,1
BRDA:61,5,1,1
BRDA:84,6,0,0
BRDA:84,6,1,2
BRDA:89,7,0,1
BRDA:89,7,1,1
BRF:16
BRH:13
end_of_record
TN:
SF:src\routes\commandesRoutes.js
FNF:0
FNH:0
DA:1,1
DA:2,1
DA:3,1
DA:6,1
DA:9,1
DA:12,1
DA:15,1
DA:18,1
DA:20,1
LF:9
LH:9
BRF:0
BRH:0
end_of_record
